2023-05-05 07:47:35,279 [Worker-4: Loading available Gradle versions] INFO  o.e.b.c.i.u.g.PublishedGradleVersions - Gradle version information cache is up-to-date. Trying to read.
2023-05-05 07:48:45,478 [Worker-3: Updating Maven Dependencies] INFO  o.e.m.c.i.l.LifecycleMappingFactory - Using org.eclipse.m2e.jdt.JarLifecycleMapping lifecycle mapping for MavenProject: ApiAutomationProject1:ApiAutomationProject1:0.0.1-SNAPSHOT @ E:\Selenium_RahulShetty\Selenium_Restart\APIAutomationTest\JiraRestAPI\pom.xml.
2023-05-05 07:48:45,535 [Worker-5: Building] INFO  o.e.m.c.i.l.LifecycleMappingFactory - Using org.eclipse.m2e.jdt.JarLifecycleMapping lifecycle mapping for MavenProject: ApiAutomationProject1:ApiAutomationProject1:0.0.1-SNAPSHOT @ E:\Selenium_RahulShetty\Selenium_Restart\APIAutomationTest\ApiAutomationProject1\pom.xml.
2023-05-05 07:48:58,938 [Worker-5: Building] WARN  o.e.m.c.i.embedder.EclipseLogger - Using platform encoding (Cp1252 actually) to copy filtered resources, i.e. build is platform dependent!
2023-05-05 07:48:58,941 [Worker-5: Building] INFO  o.e.m.c.i.embedder.EclipseLogger - skip non existing resourceDirectory E:\Selenium_RahulShetty\Selenium_Restart\APIAutomationTest\ApiAutomationProject1\src\main\resources
2023-05-05 07:48:58,946 [Worker-5: Building] WARN  o.e.m.c.i.embedder.EclipseLogger - Using platform encoding (Cp1252 actually) to copy filtered resources, i.e. build is platform dependent!
2023-05-05 07:48:58,947 [Worker-5: Building] INFO  o.e.m.c.i.embedder.EclipseLogger - skip non existing resourceDirectory E:\Selenium_RahulShetty\Selenium_Restart\APIAutomationTest\ApiAutomationProject1\src\test\resources
2023-05-05 07:49:00,799 [Worker-5: Building] INFO  o.e.m.c.i.l.LifecycleMappingFactory - Using org.eclipse.m2e.jdt.JarLifecycleMapping lifecycle mapping for MavenProject: ApiAutomationProject1:ApiAutomationProject1:0.0.1-SNAPSHOT @ E:\Selenium_RahulShetty\Selenium_Restart\APIAutomationTest\JiraRestAPI\pom.xml.
2023-05-05 07:49:12,596 [Worker-5: Building] WARN  o.e.m.c.i.embedder.EclipseLogger - Using platform encoding (Cp1252 actually) to copy filtered resources, i.e. build is platform dependent!
2023-05-05 07:49:12,597 [Worker-5: Building] INFO  o.e.m.c.i.embedder.EclipseLogger - skip non existing resourceDirectory E:\Selenium_RahulShetty\Selenium_Restart\APIAutomationTest\JiraRestAPI\src\main\resources
2023-05-05 07:49:12,600 [Worker-5: Building] WARN  o.e.m.c.i.embedder.EclipseLogger - Using platform encoding (Cp1252 actually) to copy filtered resources, i.e. build is platform dependent!
2023-05-05 07:49:12,601 [Worker-5: Building] INFO  o.e.m.c.i.embedder.EclipseLogger - skip non existing resourceDirectory E:\Selenium_RahulShetty\Selenium_Restart\APIAutomationTest\JiraRestAPI\src\test\resources
2023-05-05 07:49:15,330 [Worker-8: Building] WARN  o.e.m.c.i.embedder.EclipseLogger - Using platform encoding (Cp1252 actually) to copy filtered resources, i.e. build is platform dependent!
2023-05-05 07:49:15,331 [Worker-8: Building] INFO  o.e.m.c.i.embedder.EclipseLogger - skip non existing resourceDirectory E:\Selenium_RahulShetty\Selenium_Restart\APIAutomationTest\ApiAutomationProject1\src\main\resources
2023-05-05 07:49:15,337 [Worker-8: Building] WARN  o.e.m.c.i.embedder.EclipseLogger - Using platform encoding (Cp1252 actually) to copy filtered resources, i.e. build is platform dependent!
2023-05-05 07:49:15,341 [Worker-8: Building] INFO  o.e.m.c.i.embedder.EclipseLogger - skip non existing resourceDirectory E:\Selenium_RahulShetty\Selenium_Restart\APIAutomationTest\ApiAutomationProject1\src\test\resources
2023-05-05 07:49:16,452 [Worker-5: Updating Maven Dependencies] INFO  o.e.m.c.i.l.LifecycleMappingFactory - Using org.eclipse.m2e.jdt.JarLifecycleMapping lifecycle mapping for MavenProject: ApiAutomationProject1:ApiAutomationProject1:0.0.1-SNAPSHOT @ E:\Selenium_RahulShetty\Selenium_Restart\APIAutomationTest\ApiAutomationProject1\pom.xml.
2023-05-05 07:49:17,292 [Worker-8: Building] WARN  o.e.m.c.i.embedder.EclipseLogger - Using platform encoding (Cp1252 actually) to copy filtered resources, i.e. build is platform dependent!
2023-05-05 07:49:17,293 [Worker-8: Building] INFO  o.e.m.c.i.embedder.EclipseLogger - skip non existing resourceDirectory E:\Selenium_RahulShetty\Selenium_Restart\APIAutomationTest\JiraRestAPI\src\main\resources
2023-05-05 07:49:17,296 [Worker-8: Building] WARN  o.e.m.c.i.embedder.EclipseLogger - Using platform encoding (Cp1252 actually) to copy filtered resources, i.e. build is platform dependent!
2023-05-05 07:49:17,297 [Worker-8: Building] INFO  o.e.m.c.i.embedder.EclipseLogger - skip non existing resourceDirectory E:\Selenium_RahulShetty\Selenium_Restart\APIAutomationTest\JiraRestAPI\src\test\resources
2023-05-05 07:49:17,760 [Worker-5: Updating Maven Dependencies] INFO  o.e.m.c.i.l.LifecycleMappingFactory - Using org.eclipse.m2e.jdt.JarLifecycleMapping lifecycle mapping for MavenProject: ApiAutomationProject1:ApiAutomationProject1:0.0.1-SNAPSHOT @ E:\Selenium_RahulShetty\Selenium_Restart\APIAutomationTest\JiraRestAPI\pom.xml.
2023-05-05 07:49:19,625 [Worker-8: Building] WARN  o.e.m.c.i.embedder.EclipseLogger - Using platform encoding (Cp1252 actually) to copy filtered resources, i.e. build is platform dependent!
2023-05-05 07:49:19,626 [Worker-8: Building] INFO  o.e.m.c.i.embedder.EclipseLogger - skip non existing resourceDirectory E:\Selenium_RahulShetty\Selenium_Restart\APIAutomationTest\ApiAutomationProject1\src\main\resources
2023-05-05 07:49:19,629 [Worker-8: Building] WARN  o.e.m.c.i.embedder.EclipseLogger - Using platform encoding (Cp1252 actually) to copy filtered resources, i.e. build is platform dependent!
2023-05-05 07:49:19,630 [Worker-8: Building] INFO  o.e.m.c.i.embedder.EclipseLogger - skip non existing resourceDirectory E:\Selenium_RahulShetty\Selenium_Restart\APIAutomationTest\ApiAutomationProject1\src\test\resources
2023-05-05 07:49:20,575 [Worker-8: Building] WARN  o.e.m.c.i.embedder.EclipseLogger - Using platform encoding (Cp1252 actually) to copy filtered resources, i.e. build is platform dependent!
2023-05-05 07:49:20,577 [Worker-8: Building] INFO  o.e.m.c.i.embedder.EclipseLogger - skip non existing resourceDirectory E:\Selenium_RahulShetty\Selenium_Restart\APIAutomationTest\JiraRestAPI\src\main\resources
2023-05-05 07:49:20,581 [Worker-8: Building] WARN  o.e.m.c.i.embedder.EclipseLogger - Using platform encoding (Cp1252 actually) to copy filtered resources, i.e. build is platform dependent!
2023-05-05 07:49:20,582 [Worker-8: Building] INFO  o.e.m.c.i.embedder.EclipseLogger - skip non existing resourceDirectory E:\Selenium_RahulShetty\Selenium_Restart\APIAutomationTest\JiraRestAPI\src\test\resources
2023-05-05 07:50:15,037 [Worker-1: Loading available Gradle versions] INFO  o.e.b.c.i.u.g.PublishedGradleVersions - Gradle version information cache is up-to-date. Trying to read.
2023-05-05 07:53:55,299 [Worker-0: Loading available Gradle versions] INFO  o.e.b.c.i.u.g.PublishedGradleVersions - Gradle version information cache is up-to-date. Trying to read.
